<?xml version="1.0" encoding="UTF-8"?>
<!-- Generated by org.testng.reporters.JUnitReportReporter -->
<testsuite hostname="Vijayaragavan" failures="0" tests="4" name="com.base.FineosAssessment" time="25.289" errors="0" timestamp="2025-03-23T20:08:52 IST" skipped="0">
  <testcase classname="com.base.FineosAssessment" name="navigateToDemoBlaze" time="12.440"/>
  <testcase classname="com.base.FineosAssessment" name="buyPhone" time="4.793"/>
  <testcase classname="com.base.FineosAssessment" name="addLaptop" time="3.874"/>
  <testcase classname="com.base.FineosAssessment" name="addMonitor" time="4.182"/>
</testsuite> <!-- com.base.FineosAssessment -->
