<?xml version="1.0" encoding="UTF-8"?>
<!-- Generated by org.testng.reporters.JUnitReportReporter -->
<testsuite hostname="Vijayaragavan" failures="0" tests="7" name="com.execution.TestExecutionPage" time="33.599" errors="0" timestamp="2025-03-23T23:41:02 IST" skipped="0">
  <testcase classname="com.execution.TestExecutionPage" name="navigateToDemoBlaze" time="2.578"/>
  <testcase classname="com.execution.TestExecutionPage" name="buyPhone" time="4.206"/>
  <testcase classname="com.execution.TestExecutionPage" name="addLaptop" time="4.844"/>
  <testcase classname="com.execution.TestExecutionPage" name="addMonitor" time="7.020"/>
  <testcase classname="com.execution.TestExecutionPage" name="removePhoneFromCartPage" time="14.670"/>
  <testcase classname="com.execution.TestExecutionPage" name="placeOrder" time="0.187"/>
  <testcase classname="com.execution.TestExecutionPage" name="verifyPurchaseDetails" time="0.094"/>
</testsuite> <!-- com.execution.TestExecutionPage -->
