<?xml version="1.0" encoding="UTF-8"?>
<!-- Generated by org.testng.reporters.JUnitReportReporter -->
<testsuite hostname="Vijayaragavan" failures="0" tests="2" name="com.base.BrowserInitialisation" time="4.571" errors="0" timestamp="2025-03-23T18:30:01 IST" skipped="0">
  <testcase classname="com.base.BrowserInitialisation" name="navigateToDemoBlaze" time="1.543"/>
  <testcase classname="com.base.BrowserInitialisation" name="buyPhone" time="3.028"/>
</testsuite> <!-- com.base.BrowserInitialisation -->
